<?xml version="1.0" encoding="UTF-8"?>
<!-- Generated by org.testng.reporters.JUnitReportReporter -->
<testsuite name="com.facebook.testcases.LoginTest" tests="1" time="8.073" ignored="0" failures="0" timestamp="10 Mar 2020 11:22:11 GMT" skipped="0" hostname="umesh" errors="0">
  <testcase name="testLogin" time="8.073" classname="com.facebook.testcases.LoginTest"/>
</testsuite> <!-- com.facebook.testcases.LoginTest -->
